D:\Trial\Worked\LibrarySystem\LibraryMgt.Web\clientapp\shared\guard\auth.guard.js
D:\Trial\Worked\LibrarySystem\LibraryMgt.Web\clientapp\shared\guard\auth.guard.js.map
D:\Trial\Worked\LibrarySystem\LibraryMgt.Web\clientapp\component.js
D:\Trial\Worked\LibrarySystem\LibraryMgt.Web\clientapp\component.js.map
D:\Trial\Worked\LibrarySystem\LibraryMgt.Web\clientapp\module.js
D:\Trial\Worked\LibrarySystem\LibraryMgt.Web\clientapp\module.js.map
D:\Trial\Worked\LibrarySystem\LibraryMgt.Web\clientapp\app.js
D:\Trial\Worked\LibrarySystem\LibraryMgt.Web\clientapp\app.js.map
D:\Trial\Worked\LibrarySystem\LibraryMgt.Web\clientapp\backoffice\component.js
D:\Trial\Worked\LibrarySystem\LibraryMgt.Web\clientapp\backoffice\component.js.map
D:\Trial\Worked\LibrarySystem\LibraryMgt.Web\clientapp\shared\guard\access.guard.js
D:\Trial\Worked\LibrarySystem\LibraryMgt.Web\clientapp\shared\guard\access.guard.js.map
D:\Trial\Worked\LibrarySystem\LibraryMgt.Web\clientapp\shared\service.js
D:\Trial\Worked\LibrarySystem\LibraryMgt.Web\clientapp\shared\service.js.map
D:\Trial\Worked\LibrarySystem\LibraryMgt.Web\clientapp\backoffice\dashboard\component.js
D:\Trial\Worked\LibrarySystem\LibraryMgt.Web\clientapp\backoffice\dashboard\component.js.map
D:\Trial\Worked\LibrarySystem\LibraryMgt.Web\clientapp\backoffice\book\books\component.js
D:\Trial\Worked\LibrarySystem\LibraryMgt.Web\clientapp\backoffice\book\books\component.js.map
D:\Trial\Worked\LibrarySystem\LibraryMgt.Web\clientapp\backoffice\book\authors\component.js
D:\Trial\Worked\LibrarySystem\LibraryMgt.Web\clientapp\backoffice\book\authors\component.js.map
D:\Trial\Worked\LibrarySystem\LibraryMgt.Web\clientapp\backoffice\circulation\issue\component.js
D:\Trial\Worked\LibrarySystem\LibraryMgt.Web\clientapp\backoffice\circulation\issue\component.js.map
D:\Trial\Worked\LibrarySystem\LibraryMgt.Web\clientapp\backoffice\circulation\return\component.js
D:\Trial\Worked\LibrarySystem\LibraryMgt.Web\clientapp\backoffice\circulation\return\component.js.map
D:\Trial\Worked\LibrarySystem\LibraryMgt.Web\clientapp\backoffice\book\categories\component.js
D:\Trial\Worked\LibrarySystem\LibraryMgt.Web\clientapp\backoffice\book\categories\component.js.map
D:\Trial\Worked\LibrarySystem\LibraryMgt.Web\clientapp\backoffice\system\users\component.js
D:\Trial\Worked\LibrarySystem\LibraryMgt.Web\clientapp\backoffice\system\users\component.js.map
D:\Trial\Worked\LibrarySystem\LibraryMgt.Web\clientapp\backoffice\reports\book\component.js
D:\Trial\Worked\LibrarySystem\LibraryMgt.Web\clientapp\backoffice\reports\book\component.js.map
D:\Trial\Worked\LibrarySystem\LibraryMgt.Web\clientapp\backoffice\reportviewer\component.js
D:\Trial\Worked\LibrarySystem\LibraryMgt.Web\clientapp\backoffice\reportviewer\component.js.map
D:\Trial\Worked\LibrarySystem\LibraryMgt.Web\clientapp\backoffice\module.js
D:\Trial\Worked\LibrarySystem\LibraryMgt.Web\clientapp\backoffice\module.js.map
D:\Trial\Worked\LibrarySystem\LibraryMgt.Web\clientapp\account\login\component.js
D:\Trial\Worked\LibrarySystem\LibraryMgt.Web\clientapp\account\login\component.js.map
D:\Trial\Worked\LibrarySystem\LibraryMgt.Web\clientapp\account\login\module.js
D:\Trial\Worked\LibrarySystem\LibraryMgt.Web\clientapp\account\login\module.js.map
D:\Trial\Worked\LibrarySystem\LibraryMgt.Web\clientapp\account\register\component.js
D:\Trial\Worked\LibrarySystem\LibraryMgt.Web\clientapp\account\register\component.js.map
D:\Trial\Worked\LibrarySystem\LibraryMgt.Web\clientapp\account\register\module.js
D:\Trial\Worked\LibrarySystem\LibraryMgt.Web\clientapp\account\register\module.js.map
D:\Trial\Worked\LibrarySystem\LibraryMgt.Web\clientapp\backoffice\dashboard\module.js
D:\Trial\Worked\LibrarySystem\LibraryMgt.Web\clientapp\backoffice\dashboard\module.js.map
D:\Trial\Worked\LibrarySystem\LibraryMgt.Web\clientapp\backoffice\reportviewer\module.js
D:\Trial\Worked\LibrarySystem\LibraryMgt.Web\clientapp\backoffice\reportviewer\module.js.map
D:\Trial\Worked\LibrarySystem\LibraryMgt.Web\clientapp\backoffice\book\authors\module.js
D:\Trial\Worked\LibrarySystem\LibraryMgt.Web\clientapp\backoffice\book\authors\module.js.map
D:\Trial\Worked\LibrarySystem\LibraryMgt.Web\clientapp\backoffice\book\books\module.js
D:\Trial\Worked\LibrarySystem\LibraryMgt.Web\clientapp\backoffice\book\books\module.js.map
D:\Trial\Worked\LibrarySystem\LibraryMgt.Web\clientapp\backoffice\book\categories\module.js
D:\Trial\Worked\LibrarySystem\LibraryMgt.Web\clientapp\backoffice\book\categories\module.js.map
D:\Trial\Worked\LibrarySystem\LibraryMgt.Web\clientapp\backoffice\circulation\issue\module.js
D:\Trial\Worked\LibrarySystem\LibraryMgt.Web\clientapp\backoffice\circulation\issue\module.js.map
D:\Trial\Worked\LibrarySystem\LibraryMgt.Web\clientapp\backoffice\circulation\return\module.js
D:\Trial\Worked\LibrarySystem\LibraryMgt.Web\clientapp\backoffice\circulation\return\module.js.map
D:\Trial\Worked\LibrarySystem\LibraryMgt.Web\clientapp\backoffice\reports\book\module.js
D:\Trial\Worked\LibrarySystem\LibraryMgt.Web\clientapp\backoffice\reports\book\module.js.map
D:\Trial\Worked\LibrarySystem\LibraryMgt.Web\clientapp\backoffice\system\users\module.js
D:\Trial\Worked\LibrarySystem\LibraryMgt.Web\clientapp\backoffice\system\users\module.js.map
